TN:
SF:src/App.tsx
FN:29,(anonymous_0)
FN:32,(anonymous_1)
FN:33,(anonymous_2)
FNF:3
FNH:0
FNDA:0,(anonymous_0)
FNDA:0,(anonymous_1)
FNDA:0,(anonymous_2)
DA:23,0
DA:29,0
DA:30,0
DA:32,0
DA:33,0
DA:34,0
DA:35,0
DA:36,0
DA:37,0
DA:39,0
DA:40,0
DA:41,0
DA:42,0
DA:44,0
DA:47,0
DA:48,0
DA:50,0
DA:53,0
DA:57,0
DA:58,0
DA:65,0
LF:21
LH:0
BRDA:35,0,0,0
BRDA:35,0,1,0
BRDA:41,1,0,0
BRDA:41,1,1,0
BRDA:57,2,0,0
BRDA:57,2,1,0
BRF:6
BRH:0
end_of_record
TN:
SF:src/components/MuiThemeProvider.tsx
FN:5,(anonymous_0)
FNF:1
FNH:0
FNDA:0,(anonymous_0)
DA:5,0
DA:6,0
LF:2
LH:0
BRF:0
BRH:0
end_of_record
TN:
SF:src/components/ProtectedRoute.tsx
FN:10,(anonymous_0)
FN:27,(anonymous_1)
FNF:2
FNH:2
FNDA:5,(anonymous_0)
FNDA:4,(anonymous_1)
DA:10,1
DA:11,5
DA:13,5
DA:14,1
DA:17,4
DA:18,3
DA:19,3
DA:20,1
DA:24,3
DA:27,1
DA:28,4
DA:29,4
DA:31,3
DA:36,3
DA:38,1
LF:15
LH:15
BRDA:13,0,0,1
BRDA:13,0,1,4
BRDA:13,1,0,5
BRDA:13,1,1,4
BRDA:17,2,0,3
BRDA:17,2,1,1
BRDA:18,3,0,1
BRDA:18,3,1,2
BRDA:19,4,0,1
BRDA:19,4,1,2
BRDA:29,5,0,3
BRDA:29,5,1,1
BRDA:29,6,0,4
BRDA:29,6,1,3
BRDA:31,7,0,1
BRDA:31,7,1,2
BRDA:33,8,0,1
BRDA:33,8,1,1
BRF:18
BRH:18
end_of_record
TN:
SF:src/components/layout/MainLayout.tsx
FN:13,(anonymous_0)
FNF:1
FNH:1
FNDA:4,(anonymous_0)
DA:13,1
DA:14,4
DA:16,4
LF:3
LH:3
BRF:0
BRH:0
end_of_record
TN:
SF:src/components/mentor/MentorDetailModal.tsx
FN:38,(anonymous_0)
FN:51,(anonymous_1)
FN:59,(anonymous_2)
FN:61,(anonymous_3)
FN:70,(anonymous_4)
FN:214,(anonymous_5)
FN:247,(anonymous_6)
FN:263,(anonymous_7)
FN:290,(anonymous_8)
FNF:9
FNH:2
FNDA:11,(anonymous_0)
FNDA:3,(anonymous_1)
FNDA:0,(anonymous_2)
FNDA:0,(anonymous_3)
FNDA:0,(anonymous_4)
FNDA:0,(anonymous_5)
FNDA:0,(anonymous_6)
FNDA:0,(anonymous_7)
FNDA:0,(anonymous_8)
DA:38,2
DA:44,11
DA:45,11
DA:46,11
DA:47,11
DA:49,11
DA:52,3
DA:53,3
DA:57,11
DA:59,0
DA:60,11
DA:61,0
DA:64,11
DA:66,11
DA:70,0
DA:214,0
DA:247,0
DA:263,0
DA:290,0
LF:19
LH:12
BRDA:57,0,0,11
BRDA:57,0,1,0
BRDA:59,1,0,0
BRDA:59,1,1,0
BRDA:60,2,0,0
BRDA:60,2,1,0
BRDA:89,3,0,11
BRDA:89,3,1,0
BRDA:144,4,0,11
BRDA:144,4,1,0
BRDA:156,5,0,11
BRDA:156,5,1,0
BRDA:168,6,0,11
BRDA:168,6,1,0
BRDA:180,7,0,11
BRDA:180,7,1,0
BRDA:185,8,0,0
BRDA:185,8,1,0
BRDA:191,9,0,11
BRDA:191,9,1,0
BRDA:210,10,0,11
BRDA:210,10,1,0
BRDA:210,10,2,0
BRDA:243,11,0,11
BRDA:243,11,1,0
BRDA:255,12,0,0
BRDA:255,12,1,0
BRDA:295,13,0,0
BRDA:295,13,1,0
BRDA:297,14,0,0
BRDA:297,14,1,0
BRDA:329,15,0,11
BRDA:329,15,1,0
BRF:33
BRH:10
end_of_record
TN:
SF:src/components/sessions/ReviewModal.tsx
FN:29,ReviewModal
FN:36,(anonymous_1)
FN:47,(anonymous_2)
FN:54,(anonymous_3)
FN:63,(anonymous_4)
FN:72,(anonymous_5)
FN:95,(anonymous_6)
FN:99,(anonymous_7)
FN:125,(anonymous_8)
FNF:9
FNH:6
FNDA:38,ReviewModal
FNDA:1,(anonymous_1)
FNDA:1,(anonymous_2)
FNDA:0,(anonymous_3)
FNDA:1,(anonymous_4)
FNDA:0,(anonymous_5)
FNDA:190,(anonymous_6)
FNDA:0,(anonymous_7)
FNDA:33,(anonymous_8)
DA:30,38
DA:31,38
DA:32,38
DA:33,38
DA:35,38
DA:37,1
DA:40,1
DA:41,0
DA:45,1
DA:48,1
DA:49,1
DA:50,1
DA:51,1
DA:52,1
DA:55,0
DA:63,38
DA:64,1
DA:65,1
DA:66,0
DA:67,0
DA:69,1
DA:72,38
DA:73,0
DA:74,0
DA:75,0
DA:78,38
DA:95,190
DA:99,0
DA:125,33
LF:29
LH:21
BRDA:40,0,0,0
BRDA:40,0,1,1
BRDA:42,1,0,0
BRDA:42,1,1,0
BRDA:57,2,0,0
BRDA:57,2,1,0
BRDA:65,3,0,0
BRDA:65,3,1,1
BRDA:106,4,0,190
BRDA:106,4,1,0
BRDA:107,5,0,190
BRDA:107,5,1,0
BRDA:145,6,0,1
BRDA:145,6,1,37
BRF:14
BRH:6
end_of_record
TN:
SF:src/components/sessions/SessionRequestModal.tsx
FN:27,SessionRequestModal
FN:33,(anonymous_1)
FN:48,(anonymous_2)
FN:57,(anonymous_3)
FN:66,(anonymous_4)
FN:78,(anonymous_5)
FN:106,(anonymous_6)
FNF:7
FNH:5
FNDA:42,SessionRequestModal
FNDA:1,(anonymous_1)
FNDA:1,(anonymous_2)
FNDA:0,(anonymous_3)
FNDA:1,(anonymous_4)
FNDA:0,(anonymous_5)
FNDA:37,(anonymous_6)
DA:28,42
DA:29,42
DA:30,42
DA:32,42
DA:34,1
DA:41,1
DA:42,0
DA:46,1
DA:49,1
DA:53,1
DA:54,1
DA:55,1
DA:58,0
DA:66,42
DA:67,1
DA:68,1
DA:69,0
DA:73,0
DA:75,1
DA:78,42
DA:79,0
DA:80,0
DA:83,42
DA:106,37
LF:24
LH:18
BRDA:41,0,0,0
BRDA:41,0,1,1
BRDA:43,1,0,0
BRDA:43,1,1,0
BRDA:68,2,0,0
BRDA:68,2,1,1
BRDA:125,3,0,1
BRDA:125,3,1,41
BRF:8
BRH:4
end_of_record
TN:
SF:src/hooks/use-toast.ts
FN:24,genId
FN:55,(anonymous_1)
FN:60,(anonymous_2)
FN:71,(anonymous_3)
FN:82,(anonymous_4)
FN:93,(anonymous_5)
FN:100,(anonymous_6)
FN:119,(anonymous_7)
FN:128,dispatch
FN:130,(anonymous_9)
FN:137,toast
FN:140,(anonymous_11)
FN:145,(anonymous_12)
FN:153,(anonymous_13)
FN:166,useToast
FN:169,(anonymous_15)
FN:171,(anonymous_16)
FN:182,(anonymous_17)
FNF:18
FNH:14
FNDA:3,genId
FNDA:4,(anonymous_1)
FNDA:0,(anonymous_2)
FNDA:13,(anonymous_3)
FNDA:2,(anonymous_4)
FNDA:2,(anonymous_5)
FNDA:4,(anonymous_6)
FNDA:0,(anonymous_7)
FNDA:9,dispatch
FNDA:14,(anonymous_9)
FNDA:3,toast
FNDA:1,(anonymous_11)
FNDA:0,(anonymous_12)
FNDA:0,(anonymous_13)
FNDA:22,useToast
FNDA:22,(anonymous_15)
FNDA:22,(anonymous_16)
FNDA:5,(anonymous_17)
DA:5,1
DA:6,1
DA:15,1
DA:22,1
DA:25,3
DA:26,3
DA:53,1
DA:55,1
DA:56,4
DA:57,2
DA:60,2
DA:61,0
DA:62,0
DA:68,2
DA:71,1
DA:72,13
DA:74,4
DA:80,2
DA:82,2
DA:86,6
DA:90,6
DA:91,2
DA:93,4
DA:94,2
DA:98,6
DA:101,4
DA:111,1
DA:112,1
DA:117,0
DA:119,0
DA:124,1
DA:126,1
DA:129,9
DA:130,9
DA:131,14
DA:138,3
DA:140,3
DA:141,1
DA:145,3
DA:147,3
DA:154,0
DA:159,3
DA:167,22
DA:169,22
DA:170,22
DA:171,22
DA:172,22
DA:173,22
DA:174,22
DA:179,22
DA:182,5
LF:51
LH:46
BRDA:56,0,0,2
BRDA:56,0,1,2
BRDA:72,1,0,4
BRDA:72,1,1,2
BRDA:72,1,2,6
BRDA:72,1,3,1
BRDA:82,2,0,2
BRDA:82,2,1,0
BRDA:90,3,0,2
BRDA:90,3,1,4
BRDA:101,4,0,4
BRDA:101,4,1,0
BRDA:101,5,0,4
BRDA:101,5,1,2
BRDA:111,6,0,1
BRDA:111,6,1,0
BRDA:154,7,0,0
BRDA:154,7,1,0
BRDA:173,8,0,22
BRDA:173,8,1,0
BRF:20
BRH:14
end_of_record
TN:
SF:src/lib/graphql.ts
FN:6,(anonymous_0)
FN:17,(anonymous_1)
FN:25,gql
FN:31,(anonymous_3)
FNF:4
FNH:3
FNDA:2,(anonymous_0)
FNDA:0,(anonymous_1)
FNDA:4,gql
FNDA:4,(anonymous_3)
DA:3,1
DA:7,2
DA:8,2
DA:12,1
DA:17,1
DA:18,0
DA:19,0
DA:20,0
DA:22,0
DA:29,4
DA:30,4
DA:31,4
DA:32,2
DA:34,2
DA:37,1
LF:15
LH:11
BRDA:3,0,0,1
BRDA:3,0,1,1
BRDA:19,1,0,0
BRDA:19,1,1,0
BRDA:30,2,0,2
BRDA:30,2,1,2
BRDA:30,3,0,4
BRDA:30,3,1,2
BRF:8
BRH:6
end_of_record
TN:
SF:src/lib/muiTheme.ts
FN:4,(anonymous_0)
FN:7,(anonymous_1)
FN:10,(anonymous_2)
FNF:3
FNH:3
FNDA:36,(anonymous_0)
FNDA:22,(anonymous_1)
FNDA:2,(anonymous_2)
DA:4,1
DA:5,36
DA:7,1
DA:8,22
DA:10,1
DA:11,2
DA:13,2
DA:55,2
DA:363,1
DA:364,1
LF:10
LH:10
BRDA:4,0,0,36
BRDA:13,1,0,1
BRDA:13,1,1,1
BRF:3
BRH:3
end_of_record
TN:
SF:src/lib/utils.ts
FN:4,cn
FNF:1
FNH:1
FNDA:3,cn
DA:5,3
LF:1
LH:1
BRF:0
BRH:0
end_of_record
TN:
SF:src/pages/AdminDashboardPage.tsx
FN:56,(anonymous_0)
FN:60,(anonymous_1)
FN:75,(anonymous_2)
FN:83,(anonymous_3)
FN:90,(anonymous_4)
FN:100,(anonymous_5)
FN:105,(anonymous_6)
FN:114,(anonymous_7)
FN:122,(anonymous_8)
FN:127,(anonymous_9)
FN:136,(anonymous_10)
FN:137,(anonymous_11)
FN:138,(anonymous_12)
FN:140,(anonymous_13)
FN:144,(anonymous_14)
FN:146,(anonymous_15)
FN:148,(anonymous_16)
FN:156,(anonymous_17)
FN:160,(anonymous_18)
FN:162,(anonymous_19)
FN:170,(anonymous_20)
FN:237,(anonymous_21)
FN:245,(anonymous_22)
FN:302,(anonymous_23)
FN:310,(anonymous_24)
FN:318,(anonymous_25)
FN:326,(anonymous_26)
FN:365,(anonymous_27)
FN:407,(anonymous_28)
FN:418,(anonymous_29)
FN:455,(anonymous_30)
FN:460,(anonymous_31)
FN:463,(anonymous_32)
FN:469,(anonymous_33)
FN:471,(anonymous_34)
FN:499,(anonymous_35)
FN:530,(anonymous_36)
FN:561,(anonymous_37)
FN:572,(anonymous_38)
FNF:39
FNH:6
FNDA:2,(anonymous_0)
FNDA:0,(anonymous_1)
FNDA:1,(anonymous_2)
FNDA:1,(anonymous_3)
FNDA:0,(anonymous_4)
FNDA:0,(anonymous_5)
FNDA:0,(anonymous_6)
FNDA:0,(anonymous_7)
FNDA:0,(anonymous_8)
FNDA:0,(anonymous_9)
FNDA:0,(anonymous_10)
FNDA:0,(anonymous_11)
FNDA:0,(anonymous_12)
FNDA:1,(anonymous_13)
FNDA:0,(anonymous_14)
FNDA:0,(anonymous_15)
FNDA:0,(anonymous_16)
FNDA:1,(anonymous_17)
FNDA:0,(anonymous_18)
FNDA:0,(anonymous_19)
FNDA:4,(anonymous_20)
FNDA:0,(anonymous_21)
FNDA:0,(anonymous_22)
FNDA:0,(anonymous_23)
FNDA:0,(anonymous_24)
FNDA:0,(anonymous_25)
FNDA:0,(anonymous_26)
FNDA:0,(anonymous_27)
FNDA:0,(anonymous_28)
FNDA:0,(anonymous_29)
FNDA:0,(anonymous_30)
FNDA:0,(anonymous_31)
FNDA:0,(anonymous_32)
FNDA:0,(anonymous_33)
FNDA:0,(anonymous_34)
FNDA:0,(anonymous_35)
FNDA:0,(anonymous_36)
FNDA:0,(anonymous_37)
FNDA:0,(anonymous_38)
DA:50,1
DA:56,1
DA:57,2
DA:58,2
DA:59,2
DA:60,2
DA:61,0
DA:62,0
DA:63,0
DA:65,2
DA:66,2
DA:67,2
DA:68,2
DA:70,2
DA:73,2
DA:76,1
DA:77,1
DA:81,2
DA:84,1
DA:85,1
DA:89,2
DA:91,0
DA:94,0
DA:95,0
DA:101,0
DA:102,0
DA:103,0
DA:106,0
DA:113,2
DA:115,0
DA:118,0
DA:119,0
DA:123,0
DA:124,0
DA:125,0
DA:128,0
DA:135,2
DA:136,2
DA:137,2
DA:138,2
DA:140,2
DA:141,1
DA:142,0
DA:144,0
DA:146,0
DA:148,0
DA:150,0
DA:154,2
DA:156,2
DA:157,1
DA:158,0
DA:160,0
DA:162,0
DA:164,0
DA:168,2
DA:170,4
DA:183,2
DA:237,0
DA:245,0
DA:302,0
DA:310,0
DA:318,0
DA:326,0
DA:365,0
DA:407,0
DA:418,0
DA:455,0
DA:460,0
DA:463,0
DA:469,0
DA:471,0
DA:499,0
DA:530,0
DA:561,0
DA:572,0
LF:75
LH:31
BRDA:94,0,0,0
BRDA:94,0,1,0
BRDA:96,1,0,0
BRDA:96,1,1,0
BRDA:118,2,0,0
BRDA:118,2,1,0
BRDA:119,3,0,0
BRDA:119,3,1,0
BRDA:135,4,0,2
BRDA:135,4,1,1
BRDA:136,5,0,2
BRDA:136,5,1,1
BRDA:137,6,0,2
BRDA:137,6,1,1
BRDA:138,7,0,2
BRDA:138,7,1,1
BRDA:141,8,0,1
BRDA:141,8,1,0
BRDA:142,9,0,0
BRDA:142,9,1,0
BRDA:142,9,2,0
BRDA:142,9,3,0
BRDA:157,10,0,1
BRDA:157,10,1,0
BRDA:158,11,0,0
BRDA:158,11,1,0
BRDA:158,11,2,0
BRDA:174,12,0,1
BRDA:174,12,1,3
BRDA:176,13,0,1
BRDA:176,13,1,3
BRDA:223,14,0,2
BRDA:223,14,1,0
BRDA:287,15,0,2
BRDA:287,15,1,1
BRDA:337,16,0,1
BRDA:337,16,1,0
BRDA:341,17,0,0
BRDA:341,17,1,0
BRDA:357,18,0,0
BRDA:357,18,1,0
BRDA:372,19,0,0
BRDA:372,19,1,0
BRDA:398,20,0,0
BRDA:398,20,1,0
BRDA:400,21,0,0
BRDA:400,21,1,0
BRDA:401,22,0,0
BRDA:401,22,1,0
BRDA:440,23,0,2
BRDA:440,23,1,0
BRDA:451,24,0,0
BRDA:451,24,1,0
BRDA:460,25,0,0
BRDA:460,25,1,0
BRDA:469,26,0,0
BRDA:469,26,1,0
BRDA:479,27,0,0
BRDA:479,27,1,0
BRDA:481,28,0,0
BRDA:481,28,1,0
BRDA:485,29,0,0
BRDA:485,29,1,0
BRDA:489,30,0,0
BRDA:489,30,1,0
BRDA:489,31,0,0
BRDA:489,31,1,0
BRDA:491,32,0,0
BRDA:491,32,1,0
BRDA:493,33,0,0
BRDA:493,33,1,0
BRDA:534,34,0,0
BRDA:534,34,1,0
BRDA:535,35,0,0
BRDA:535,35,1,0
BRDA:555,36,0,0
BRDA:555,36,1,0
BRF:77
BRH:19
end_of_record
TN:
SF:src/pages/LandingPage.tsx
FN:50,(anonymous_0)
FN:161,(anonymous_1)
FN:217,(anonymous_2)
FNF:3
FNH:3
FNDA:6,(anonymous_0)
FNDA:20,(anonymous_1)
FNDA:15,(anonymous_2)
DA:21,1
DA:44,1
DA:50,1
DA:51,6
DA:52,6
DA:55,6
DA:61,6
DA:161,20
DA:217,15
LF:9
LH:9
BRDA:55,0,0,1
BRDA:55,0,1,4
BRDA:57,1,0,1
BRDA:57,1,1,3
BRDA:116,2,0,3
BRDA:116,2,1,2
BRDA:118,3,0,3
BRDA:118,3,1,2
BRDA:124,4,0,3
BRDA:124,4,1,2
BRDA:126,5,0,3
BRDA:126,5,1,2
BRDA:264,6,0,3
BRDA:264,6,1,2
BRDA:266,7,0,3
BRDA:266,7,1,2
BRF:16
BRH:16
end_of_record
TN:
SF:src/pages/LoginPage.tsx
FN:36,(anonymous_0)
FN:53,(anonymous_1)
FN:91,(anonymous_2)
FN:185,(anonymous_3)
FN:205,(anonymous_4)
FN:211,(anonymous_5)
FN:211,(anonymous_6)
FN:251,(anonymous_7)
FN:256,(anonymous_8)
FNF:9
FNH:7
FNDA:40,(anonymous_0)
FNDA:2,(anonymous_1)
FNDA:0,(anonymous_2)
FNDA:22,(anonymous_3)
FNDA:9,(anonymous_4)
FNDA:1,(anonymous_5)
FNDA:1,(anonymous_6)
FNDA:120,(anonymous_7)
FNDA:0,(anonymous_8)
DA:36,1
DA:37,40
DA:38,40
DA:39,40
DA:40,40
DA:41,40
DA:42,40
DA:43,40
DA:44,40
DA:46,40
DA:51,40
DA:53,40
DA:54,2
DA:55,2
DA:56,2
DA:57,2
DA:61,2
DA:62,2
DA:63,1
DA:68,1
DA:70,1
DA:71,1
DA:74,1
DA:79,1
DA:81,0
DA:87,2
DA:91,40
DA:92,0
DA:93,0
DA:96,40
DA:185,22
DA:205,9
DA:211,1
DA:251,120
DA:256,0
LF:35
LH:31
BRDA:62,0,0,1
BRDA:62,0,1,1
BRDA:62,1,0,2
BRDA:62,1,1,1
BRDA:62,1,2,1
BRDA:65,2,0,1
BRDA:65,2,1,0
BRDA:79,3,0,1
BRDA:79,3,1,0
BRDA:83,4,0,0
BRDA:83,4,1,0
BRDA:199,5,0,1
BRDA:199,5,1,39
BRDA:217,6,0,1
BRDA:217,6,1,39
BRDA:304,7,0,2
BRDA:304,7,1,38
BRF:17
BRH:13
end_of_record
TN:
SF:src/pages/MentorDashboardPage.tsx
FN:59,(anonymous_0)
FN:65,(anonymous_1)
FN:76,(anonymous_2)
FN:84,(anonymous_3)
FN:90,(anonymous_4)
FN:92,(anonymous_5)
FN:96,(anonymous_6)
FN:110,(anonymous_7)
FN:117,(anonymous_8)
FN:126,(anonymous_9)
FN:130,(anonymous_10)
FN:131,(anonymous_11)
FN:132,(anonymous_12)
FN:133,(anonymous_13)
FN:137,(anonymous_14)
FN:141,(anonymous_15)
FN:143,(anonymous_16)
FN:145,(anonymous_17)
FN:147,(anonymous_18)
FN:153,(anonymous_19)
FN:272,(anonymous_20)
FN:280,(anonymous_21)
FN:342,(anonymous_22)
FN:350,(anonymous_23)
FN:358,(anonymous_24)
FN:366,(anonymous_25)
FN:374,(anonymous_26)
FN:413,(anonymous_27)
FN:520,(anonymous_28)
FN:536,(anonymous_29)
FN:555,(anonymous_30)
FN:616,(anonymous_31)
FN:641,(anonymous_32)
FNF:33
FNH:6
FNDA:2,(anonymous_0)
FNDA:0,(anonymous_1)
FNDA:1,(anonymous_2)
FNDA:1,(anonymous_3)
FNDA:0,(anonymous_4)
FNDA:0,(anonymous_5)
FNDA:0,(anonymous_6)
FNDA:0,(anonymous_7)
FNDA:0,(anonymous_8)
FNDA:1,(anonymous_9)
FNDA:0,(anonymous_10)
FNDA:0,(anonymous_11)
FNDA:0,(anonymous_12)
FNDA:0,(anonymous_13)
FNDA:1,(anonymous_14)
FNDA:0,(anonymous_15)
FNDA:0,(anonymous_16)
FNDA:0,(anonymous_17)
FNDA:0,(anonymous_18)
FNDA:4,(anonymous_19)
FNDA:0,(anonymous_20)
FNDA:0,(anonymous_21)
FNDA:0,(anonymous_22)
FNDA:0,(anonymous_23)
FNDA:0,(anonymous_24)
FNDA:0,(anonymous_25)
FNDA:0,(anonymous_26)
FNDA:0,(anonymous_27)
FNDA:0,(anonymous_28)
FNDA:0,(anonymous_29)
FNDA:0,(anonymous_30)
FNDA:0,(anonymous_31)
FNDA:0,(anonymous_32)
DA:46,1
DA:53,1
DA:59,1
DA:60,2
DA:61,2
DA:62,2
DA:63,2
DA:64,2
DA:65,2
DA:66,0
DA:67,0
DA:68,0
DA:70,2
DA:71,2
DA:74,2
DA:77,1
DA:78,1
DA:82,2
DA:85,1
DA:86,1
DA:90,2
DA:91,2
DA:92,0
DA:95,2
DA:103,0
DA:106,0
DA:107,0
DA:111,0
DA:115,0
DA:118,0
DA:126,2
DA:127,1
DA:128,1
DA:130,0
DA:131,0
DA:132,0
DA:133,0
DA:137,2
DA:138,1
DA:139,0
DA:141,0
DA:143,0
DA:145,0
DA:147,0
DA:149,0
DA:153,4
DA:163,2
DA:272,0
DA:280,0
DA:342,0
DA:350,0
DA:358,0
DA:366,0
DA:374,0
DA:414,0
DA:415,0
DA:521,0
DA:537,0
DA:556,0
DA:616,0
DA:641,0
LF:61
LH:27
BRDA:90,0,0,2
BRDA:90,0,1,1
BRDA:91,1,0,0
BRDA:91,1,1,1
BRDA:106,2,0,0
BRDA:106,2,1,0
BRDA:107,3,0,0
BRDA:107,3,1,0
BRDA:127,4,0,1
BRDA:127,4,1,1
BRDA:138,5,0,1
BRDA:138,5,1,0
BRDA:139,6,0,0
BRDA:139,6,1,0
BRDA:139,6,2,0
BRDA:139,6,3,0
BRDA:139,6,4,0
BRDA:156,7,0,1
BRDA:156,7,1,3
BRDA:157,8,0,1
BRDA:157,8,1,3
BRDA:159,9,0,1
BRDA:159,9,1,3
BRDA:216,10,0,2
BRDA:216,10,1,0
BRDA:216,11,0,2
BRDA:216,11,1,0
BRDA:232,12,0,2
BRDA:232,12,1,0
BRDA:237,13,0,2
BRDA:237,13,1,0
BRDA:242,14,0,2
BRDA:242,14,1,0
BRDA:247,15,0,2
BRDA:247,15,1,0
BRDA:254,16,0,0
BRDA:254,16,1,0
BRDA:258,17,0,2
BRDA:258,17,1,0
BRDA:324,18,0,2
BRDA:324,18,1,1
BRDA:388,19,0,1
BRDA:388,19,1,0
BRDA:401,20,0,0
BRDA:401,20,1,0
BRDA:483,21,0,0
BRDA:483,21,1,0
BRDA:513,22,0,0
BRDA:513,22,1,0
BRDA:548,23,0,0
BRDA:548,23,1,0
BRDA:580,24,0,2
BRDA:580,24,1,0
BRDA:591,25,0,0
BRDA:591,25,1,0
BRDA:604,26,0,0
BRDA:604,26,1,0
BRDA:645,27,0,0
BRDA:645,27,1,0
BRDA:646,28,0,0
BRDA:646,28,1,0
BRF:61
BRH:23
end_of_record
TN:
SF:src/pages/MentorsPage.tsx
FN:30,(anonymous_0)
FN:36,(anonymous_1)
FN:46,(anonymous_2)
FN:52,(anonymous_3)
FN:55,(anonymous_4)
FN:58,(anonymous_5)
FN:89,(anonymous_6)
FN:125,(anonymous_7)
FN:168,(anonymous_8)
FN:171,(anonymous_9)
FNF:10
FNH:9
FNDA:11,(anonymous_0)
FNDA:30,(anonymous_1)
FNDA:2,(anonymous_2)
FNDA:10,(anonymous_3)
FNDA:12,(anonymous_4)
FNDA:54,(anonymous_5)
FNDA:6,(anonymous_6)
FNDA:12,(anonymous_7)
FNDA:10,(anonymous_8)
FNDA:0,(anonymous_9)
DA:30,1
DA:31,11
DA:32,11
DA:33,11
DA:34,11
DA:36,30
DA:38,11
DA:44,11
DA:47,2
DA:48,2
DA:52,11
DA:53,10
DA:54,10
DA:55,6
DA:56,12
DA:58,54
DA:62,11
DA:89,6
DA:125,12
DA:168,10
DA:172,0
DA:173,0
LF:22
LH:20
BRDA:38,0,0,0
BRDA:38,0,1,10
BRDA:40,1,0,0
BRDA:40,1,1,10
BRDA:54,2,0,4
BRDA:54,2,1,6
BRDA:54,3,0,4
BRDA:54,3,1,2
BRDA:55,4,0,6
BRDA:55,4,1,0
BRDA:113,5,0,11
BRDA:113,5,1,2
BRDA:141,6,0,11
BRDA:141,6,1,0
BRDA:147,7,0,11
BRDA:147,7,1,8
BRDA:147,7,2,8
BRDA:147,7,3,0
BRDA:217,8,0,10
BRDA:217,8,1,10
BRDA:229,9,0,10
BRDA:229,9,1,10
BRDA:243,10,0,10
BRDA:243,10,1,10
BRF:24
BRH:19
end_of_record
TN:
SF:src/pages/NotFound.tsx
FN:6,(anonymous_0)
FN:9,(anonymous_1)
FNF:2
FNH:2
FNDA:4,(anonymous_0)
FNDA:3,(anonymous_1)
DA:6,1
DA:7,4
DA:9,4
DA:10,3
DA:16,4
LF:5
LH:5
BRF:0
BRH:0
end_of_record
TN:
SF:src/pages/RegisterPage.tsx
FN:27,(anonymous_0)
FN:45,(anonymous_1)
FN:46,(anonymous_2)
FN:47,(anonymous_3)
FN:49,(anonymous_4)
FN:267,(anonymous_5)
FN:267,(anonymous_6)
FNF:7
FNH:5
FNDA:97,(anonymous_0)
FNDA:679,(anonymous_1)
FNDA:90,(anonymous_2)
FNDA:90,(anonymous_3)
FNDA:2,(anonymous_4)
FNDA:0,(anonymous_5)
FNDA:0,(anonymous_6)
DA:27,1
DA:28,97
DA:29,97
DA:38,97
DA:39,97
DA:40,97
DA:41,97
DA:42,97
DA:45,97
DA:46,679
DA:47,90
DA:49,97
DA:50,2
DA:51,2
DA:58,0
DA:59,0
DA:61,2
DA:62,0
DA:63,0
DA:65,2
DA:66,2
DA:67,2
DA:79,2
DA:80,1
DA:85,1
DA:89,1
DA:92,1
DA:93,1
DA:94,1
DA:95,1
DA:97,0
DA:98,0
DA:101,0
DA:107,2
DA:113,97
DA:117,97
DA:267,0
LF:37
LH:29
BRDA:51,0,0,0
BRDA:51,0,1,2
BRDA:52,1,0,2
BRDA:52,1,1,2
BRDA:52,1,2,2
BRDA:52,1,3,2
BRDA:52,1,4,2
BRDA:61,2,0,0
BRDA:61,2,1,2
BRDA:79,3,0,1
BRDA:79,3,1,1
BRDA:79,4,0,2
BRDA:79,4,1,1
BRDA:82,5,0,1
BRDA:82,5,1,0
BRDA:92,6,0,1
BRDA:92,6,1,0
BRDA:92,7,0,1
BRDA:92,7,1,1
BRDA:92,7,2,1
BRDA:103,8,0,0
BRDA:103,8,1,0
BRDA:255,9,0,0
BRDA:255,9,1,97
BRDA:273,10,0,0
BRDA:273,10,1,97
BRDA:349,11,0,2
BRDA:349,11,1,95
BRF:28
BRH:20
end_of_record
TN:
SF:src/pages/UserDashboardPage.tsx
FN:57,(anonymous_0)
FN:62,(anonymous_1)
FN:76,(anonymous_2)
FN:84,(anonymous_3)
FN:90,(anonymous_4)
FN:92,(anonymous_5)
FN:96,(anonymous_6)
FN:97,(anonymous_7)
FN:98,(anonymous_8)
FN:99,(anonymous_9)
FN:103,(anonymous_10)
FN:107,(anonymous_11)
FN:109,(anonymous_12)
FN:111,(anonymous_13)
FN:113,(anonymous_14)
FN:119,(anonymous_15)
FN:206,(anonymous_16)
FN:214,(anonymous_17)
FN:273,(anonymous_18)
FN:281,(anonymous_19)
FN:289,(anonymous_20)
FN:297,(anonymous_21)
FN:305,(anonymous_22)
FN:352,(anonymous_23)
FN:432,(anonymous_24)
FN:485,(anonymous_25)
FN:510,(anonymous_26)
FNF:27
FNH:5
FNDA:2,(anonymous_0)
FNDA:0,(anonymous_1)
FNDA:1,(anonymous_2)
FNDA:0,(anonymous_3)
FNDA:0,(anonymous_4)
FNDA:1,(anonymous_5)
FNDA:0,(anonymous_6)
FNDA:0,(anonymous_7)
FNDA:0,(anonymous_8)
FNDA:0,(anonymous_9)
FNDA:1,(anonymous_10)
FNDA:0,(anonymous_11)
FNDA:0,(anonymous_12)
FNDA:0,(anonymous_13)
FNDA:0,(anonymous_14)
FNDA:4,(anonymous_15)
FNDA:0,(anonymous_16)
FNDA:0,(anonymous_17)
FNDA:0,(anonymous_18)
FNDA:0,(anonymous_19)
FNDA:0,(anonymous_20)
FNDA:0,(anonymous_21)
FNDA:0,(anonymous_22)
FNDA:0,(anonymous_23)
FNDA:0,(anonymous_24)
FNDA:0,(anonymous_25)
FNDA:0,(anonymous_26)
DA:44,1
DA:51,1
DA:57,1
DA:58,2
DA:59,2
DA:60,2
DA:61,2
DA:62,2
DA:63,0
DA:64,0
DA:65,0
DA:67,2
DA:68,2
DA:70,2
DA:71,2
DA:72,2
DA:74,2
DA:77,1
DA:78,1
DA:82,2
DA:85,0
DA:86,0
DA:90,2
DA:92,2
DA:93,1
DA:94,1
DA:96,0
DA:97,0
DA:98,0
DA:99,0
DA:103,2
DA:104,1
DA:105,0
DA:107,0
DA:109,0
DA:111,0
DA:113,0
DA:115,0
DA:119,4
DA:129,2
DA:206,0
DA:214,0
DA:273,0
DA:281,0
DA:289,0
DA:297,0
DA:305,0
DA:352,0
DA:433,0
DA:434,0
DA:435,0
DA:485,0
DA:510,0
LF:53
LH:25
BRDA:90,0,0,2
BRDA:90,0,1,1
BRDA:93,1,0,1
BRDA:93,1,1,1
BRDA:104,2,0,1
BRDA:104,2,1,0
BRDA:105,3,0,0
BRDA:105,3,1,0
BRDA:105,3,2,0
BRDA:105,3,3,0
BRDA:105,3,4,0
BRDA:122,4,0,1
BRDA:122,4,1,3
BRDA:123,5,0,1
BRDA:123,5,1,3
BRDA:125,6,0,1
BRDA:125,6,1,3
BRDA:176,7,0,2
BRDA:176,7,1,0
BRDA:176,8,0,2
BRDA:176,8,1,0
BRDA:187,9,0,2
BRDA:187,9,1,1
BRDA:192,10,0,2
BRDA:192,10,1,0
BRDA:255,11,0,2
BRDA:255,11,1,1
BRDA:318,12,0,1
BRDA:318,12,1,0
BRDA:328,13,0,0
BRDA:328,13,1,0
BRDA:376,14,0,0
BRDA:376,14,1,0
BRDA:398,15,0,0
BRDA:398,15,1,0
BRDA:452,16,0,2
BRDA:452,16,1,0
BRDA:463,17,0,0
BRDA:463,17,1,0
BRDA:473,18,0,0
BRDA:473,18,1,0
BRDA:514,19,0,0
BRDA:514,19,1,0
BRDA:515,20,0,0
BRDA:515,20,1,0
BRF:45
BRH:20
end_of_record
TN:
SF:src/stores/authStore.ts
FN:18,(anonymous_0)
FN:23,(anonymous_1)
FN:27,(anonymous_2)
FN:28,(anonymous_3)
FN:31,(anonymous_4)
FN:40,(anonymous_5)
FN:44,(anonymous_6)
FNF:7
FNH:7
FNDA:9,(anonymous_0)
FNDA:5,(anonymous_1)
FNDA:2,(anonymous_2)
FNDA:2,(anonymous_3)
FNDA:1,(anonymous_4)
FNDA:2,(anonymous_5)
FNDA:52,(anonymous_6)
DA:16,9
DA:18,9
DA:24,5
DA:25,5
DA:28,2
DA:32,1
DA:33,1
DA:40,2
DA:44,52
LF:9
LH:9
BRDA:29,0,0,1
BRDA:29,0,1,1
BRF:2
BRH:2
end_of_record
